<?xml version="1.0" encoding="UTF-8"?>
<testng-results skipped="0" failed="0" total="1" passed="1">
  <reporter-output>
  </reporter-output>
  <suite name="Command line suite" duration-ms="21" started-at="2017-05-30T09:34:18Z" finished-at="2017-05-30T09:34:18Z">
    <groups>
    </groups>
    <test name="Command line test" duration-ms="21" started-at="2017-05-30T09:34:18Z" finished-at="2017-05-30T09:34:18Z">
      <class name="Test.TestNgTests">
        <test-method status="PASS" signature="out()[pri:0, instance:Test.TestNgTests@315c9cb8]" name="out" duration-ms="16" started-at="2017-05-30T15:04:18Z" finished-at="2017-05-30T15:04:18Z">
          <reporter-output>
          </reporter-output>
        </test-method> <!-- out -->
      </class> <!-- Test.TestNgTests -->
    </test> <!-- Command line test -->
  </suite> <!-- Command line suite -->
</testng-results>
