<?xml version="1.0" encoding="UTF-8"?>
<testng-results skipped="0" failed="0" total="1" passed="1">
  <reporter-output>
  </reporter-output>
  <suite name="Default suite" duration-ms="36" started-at="2017-05-30T09:33:52Z" finished-at="2017-05-30T09:33:52Z">
    <groups>
    </groups>
    <test name="Default test" duration-ms="36" started-at="2017-05-30T09:33:52Z" finished-at="2017-05-30T09:33:52Z">
      <class name="Test.TestNgTests">
        <test-method status="PASS" signature="out()[pri:0, instance:Test.TestNgTests@24024ad8]" name="out" duration-ms="16" started-at="2017-05-30T15:03:52Z" finished-at="2017-05-30T15:03:52Z">
          <reporter-output>
          </reporter-output>
        </test-method> <!-- out -->
      </class> <!-- Test.TestNgTests -->
    </test> <!-- Default test -->
  </suite> <!-- Default suite -->
</testng-results>
